2018-12-05 03:06:24 +0000  Initial pipeline context: <IDEDistributionProcessingPipelineContext: 0x7fddae4991e0; archive(resolved)='<IDEArchive: 0x7fddaf540df0>', distributionTask(resolved)='2', distributionMethod(resolved)='<IDEDistributionMethodDevelopmentSigned: 0x7fddb11caf60>', team(resolved)='<IDEProvisioningBasicTeam: 0x7fddb17edd80; teamID='PHSNY7Y3VJ', teamName='Nanjing Intelligent Transportation Network Technology Co., Ltd.'>'>
	Chain (11, self inclusive):
	<IDEDistributionProcessingPipelineContext: 0x7fddae4991e0; archive = '<IDEArchive: 0x7fddaf540df0>', distributionMethod='<IDEDistributionMethodDevelopmentSigned: 0x7fddb11caf60>', team='<IDEProvisioningBasicTeam: 0x7fddb17edd80; teamID='PHSNY7Y3VJ', teamName='Nanjing Intelligent Transportation Network Technology Co., Ltd.'>'>
	<IDEDistributionProcessingPipelineContext: 0x7fddb1b3d900; archive = '<IDEArchive: 0x7fddaf540df0>', distributionMethod='<IDEDistributionMethodDevelopmentSigned: 0x7fddb11caf60>', team='<IDEProvisioningBasicTeam: 0x7fddb17edd80; teamID='PHSNY7Y3VJ', teamName='Nanjing Intelligent Transportation Network Technology Co., Ltd.'>'>
	<IDEDistributionContext: 0x7fddaee224e0; archive = '<IDEArchive: 0x7fddaf540df0>', distributionMethod='<IDEDistributionMethodDevelopmentSigned: 0x7fddb11caf60>', team='<IDEProvisioningBasicTeam: 0x7fddb17edd80; teamID='PHSNY7Y3VJ', teamName='Nanjing Intelligent Transportation Network Technology Co., Ltd.'>'>
	<IDEDistributionContext: 0x7fddb1c97130; archive = '<IDEArchive: 0x7fddaf540df0>', distributionMethod='<IDEDistributionMethodDevelopmentSigned: 0x7fddb11caf60>', team='<IDEProvisioningBasicTeam: 0x7fddb17edd80; teamID='PHSNY7Y3VJ', teamName='Nanjing Intelligent Transportation Network Technology Co., Ltd.'>'>
	<IDEDistributionContext: 0x7fddb0bea220; archive = '<IDEArchive: 0x7fddaf540df0>', distributionMethod='<IDEDistributionMethodDevelopmentSigned: 0x7fddb11caf60>', team='<IDEProvisioningBasicTeam: 0x7fddb17edd80; teamID='PHSNY7Y3VJ', teamName='Nanjing Intelligent Transportation Network Technology Co., Ltd.'>'>
	<IDEDistributionContext: 0x7fddb13a9d30; archive = '<IDEArchive: 0x7fddaf540df0>', distributionMethod='<IDEDistributionMethodDevelopmentSigned: 0x7fddb11caf60>', team='<IDEProvisioningBasicTeam: 0x7fddb17edd80; teamID='PHSNY7Y3VJ', teamName='Nanjing Intelligent Transportation Network Technology Co., Ltd.'>'>
	<IDEDistributionContext: 0x7fddaf12f5c0; archive = '<IDEArchive: 0x7fddaf540df0>', distributionMethod='<IDEDistributionMethodDevelopmentSigned: 0x7fddb11caf60>', team='<IDEProvisioningBasicTeam: 0x7fddb17edd80; teamID='PHSNY7Y3VJ', teamName='Nanjing Intelligent Transportation Network Technology Co., Ltd.'>'>
	<IDEDistributionContext: 0x7fddaf456d60; archive = '<IDEArchive: 0x7fddaf540df0>', distributionMethod='<IDEDistributionMethodDevelopmentSigned: 0x7fddb11caf60>', team='<IDEProvisioningBasicTeam: 0x7fddb17edd80; teamID='PHSNY7Y3VJ', teamName='Nanjing Intelligent Transportation Network Technology Co., Ltd.'>'>
	<IDEDistributionContext: 0x7fddaf2c7ce0; archive = '<IDEArchive: 0x7fddaf540df0>', distributionMethod='<IDEDistributionMethodDevelopmentSigned: 0x7fddb11caf60>', team='<IDEProvisioningBasicTeam: 0x7fddb17edd80; teamID='PHSNY7Y3VJ', teamName='Nanjing Intelligent Transportation Network Technology Co., Ltd.'>'>
	<IDEDistributionContext: 0x7fddaecaf630; archive = '<IDEArchive: 0x7fddaf540df0>', distributionMethod='<IDEDistributionMethodDevelopmentSigned: 0x7fddb11caf60>', team='(null)'>
	<IDEDistributionContext: 0x7fddb08683f0; archive = '<IDEArchive: 0x7fddaf540df0>', distributionMethod='(null)', team='(null)'>
</IDEDistributionProcessingPipelineContext: 0x7fddae4991e0>
2018-12-05 03:06:24 +0000  Processing step: IDEDistributionCreateDestRootStep
2018-12-05 03:06:24 +0000  Processing step: IDEDistributionCopyItemStep
2018-12-05 03:06:24 +0000  Running /usr/bin/ditto '-V' '/Users/ganmingqiang/Library/Developer/Xcode/Archives/2018-12-05/WLDS 2018-12-5 上午11.04.xcarchive/Products/Applications/WLDS.app' '/var/folders/8t/14tz88fd0t30s1lfjszz6_xc0000gn/T/XcodeDistPipeline.dyE/Root/Payload/WLDS.app'
2018-12-05 03:06:24 +0000  >>> Copying /Users/ganmingqiang/Library/Developer/Xcode/Archives/2018-12-05/WLDS 2018-12-5 上午11.04.xcarchive/Products/Applications/WLDS.app 
2018-12-05 03:06:24 +0000  copying file ./youhuiquanbeijing@2x.png ... 
2018-12-05 03:06:24 +0000  5391 bytes for ./youhuiquanbeijing@2x.png
2018-12-05 03:06:24 +0000  copying file ./_CodeSignature/CodeResources ... 
72805 bytes for ./_CodeSignature/CodeResources
copying file ./star_g@2x.png ... 
1770 bytes for ./star_g@2x.png
2018-12-05 03:06:24 +0000  copying file ./woyaoshouhuo@2x.png ... 
2018-12-05 03:06:24 +0000  3995 bytes for ./woyaoshouhuo@2x.png
2018-12-05 03:06:24 +0000  copying file ./ChooseImageCell.nib ... 
2018-12-05 03:06:24 +0000  3868 bytes for ./ChooseImageCell.nib
2018-12-05 03:06:24 +0000  copying file ./search_m@2x.png ... 
1784 bytes for ./search_m@2x.png
copying file ./jianpan@2x.png ... 
463 bytes for ./jianpan@2x.png
copying file ./FirstBottomCell.nib ... 
6654 bytes for ./FirstBottomCell.nib
copying file ./MineM21@3x.png ... 
2018-12-05 03:06:24 +0000  2331 bytes for ./MineM21@3x.png
2018-12-05 03:06:24 +0000  copying file ./MyDispatchViewController.nib/objects-11.0+.nib ... 
2018-12-05 03:06:24 +0000  6000 bytes for ./MyDispatchViewController.nib/objects-11.0+.nib
2018-12-05 03:06:24 +0000  copying file ./MyDispatchViewController.nib/runtime.nib ... 
5939 bytes for ./MyDispatchViewController.nib/runtime.nib
copying file ./yichang_me@2x.png ... 
2018-12-05 03:06:24 +0000  1819 bytes for ./yichang_me@2x.png
copying file ./LaunchImage-1100-Portrait-2436h@3x.png ... 
2018-12-05 03:06:24 +0000  3013784 bytes for ./LaunchImage-1100-Portrait-2436h@3x.png
2018-12-05 03:06:24 +0000  copying file ./zaixianxiadan@2x.png ... 
1666 bytes for ./zaixianxiadan@2x.png
copying file ./LaunchImage@2x.png ... 
2018-12-05 03:06:24 +0000  681507 bytes for ./LaunchImage@2x.png
2018-12-05 03:06:24 +0000  copying file ./MessageViewController.nib/objects-11.0+.nib ... 
2018-12-05 03:06:24 +0000  2111 bytes for ./MessageViewController.nib/objects-11.0+.nib
copying file ./MessageViewController.nib/runtime.nib ... 
2018-12-05 03:06:24 +0000  2248 bytes for ./MessageViewController.nib/runtime.nib
copying file ./DiscountsCell.nib ... 
3229 bytes for ./DiscountsCell.nib
copying file ./f_top.jpg ... 
162161 bytes for ./f_top.jpg
copying file ./NodeInfoViewController.nib/objects-11.0+.nib ... 
2018-12-05 03:06:24 +0000  6052 bytes for ./NodeInfoViewController.nib/objects-11.0+.nib
copying file ./NodeInfoViewController.nib/runtime.nib ... 
2018-12-05 03:06:24 +0000  6184 bytes for ./NodeInfoViewController.nib/runtime.nib
2018-12-05 03:06:24 +0000  copying file ./AppIcon20x20@2x.png ... 
5518 bytes for ./AppIcon20x20@2x.png
copying file ./type@2x.png ... 
2018-12-05 03:06:24 +0000  1315 bytes for ./type@2x.png
copying file ./area.plist ... 
2018-12-05 03:06:24 +0000  42932 bytes for ./area.plist
copying file ./back@2x.png ... 
2325 bytes for ./back@2x.png
copying file ./AlipaySDK.bundle/shutdown@2x.png ... 
222 bytes for ./AlipaySDK.bundle/shutdown@2x.png
copying file ./AlipaySDK.bundle/refresh@2x.png ... 
605 bytes for ./AlipaySDK.bundle/refresh@2x.png
copying file ./AlipaySDK.bundle/refresh_click@2x.png ... 
1824 bytes for ./AlipaySDK.bundle/refresh_click@2x.png
copying file ./AlipaySDK.bundle/shutdown_click@2x.png ... 
1319 bytes for ./AlipaySDK.bundle/shutdown_click@2x.png
2018-12-05 03:06:24 +0000  copying file ./AlipaySDK.bundle/bar@2x.png ... 
2018-12-05 03:06:24 +0000  1011 bytes for ./AlipaySDK.bundle/bar@2x.png
copying file ./yundangenzong@2x.png ... 
2018-12-05 03:06:24 +0000  3228 bytes for ./yundangenzong@2x.png
2018-12-05 03:06:24 +0000  copying file ./NodeInfoTableViewCell.nib ... 
2018-12-05 03:06:24 +0000  5366 bytes for ./NodeInfoTableViewCell.nib
copying file ./DiscountsTableViewController.nib ... 
2018-12-05 03:06:24 +0000  1435 bytes for ./DiscountsTableViewController.nib
2018-12-05 03:06:24 +0000  copying file ./new_message.wav ... 
23174 bytes for ./new_message.wav
copying file ./MyLogisticsCompanyViewController.nib ... 
1512 bytes for ./MyLogisticsCompanyViewController.nib
copying file ./zhankai@3x.png ... 
2188 bytes for ./zhankai@3x.png
copying file ./WLDS ... 
2018-12-05 03:06:24 +0000  7905552 bytes for ./WLDS
2018-12-05 03:06:24 +0000  copying file ./NegotiateViewController.nib/objects-11.0+.nib ... 
2018-12-05 03:06:24 +0000  7456 bytes for ./NegotiateViewController.nib/objects-11.0+.nib
copying file ./NegotiateViewController.nib/runtime.nib ... 
2018-12-05 03:06:24 +0000  6627 bytes for ./NegotiateViewController.nib/runtime.nib
2018-12-05 03:06:24 +0000  copying file ./RegisterCell.nib ... 
2018-12-05 03:06:24 +0000  9564 bytes for ./RegisterCell.nib
2018-12-05 03:06:24 +0000  copying file ./BindingCheckViewController.nib/objects-11.0+.nib ... 
2728 bytes for ./BindingCheckViewController.nib/objects-11.0+.nib
copying file ./BindingCheckViewController.nib/runtime.nib ... 
2201 bytes for ./BindingCheckViewController.nib/runtime.nib
copying file ./qiye@3x.png ... 
900 bytes for ./qiye@3x.png
copying file ./cuohao@2x.png ... 
1093 bytes for ./cuohao@2x.png
copying file ./HaulageOperatorTableViewController.nib ... 
1371 bytes for ./HaulageOperatorTableViewController.nib
copying file ./AppIcon20x20@3x.png ... 
9347 bytes for ./AppIcon20x20@3x.png
copying file ./LoginCell.nib ... 
2018-12-05 03:06:24 +0000  4836 bytes for ./LoginCell.nib
2018-12-05 03:06:24 +0000  copying file ./beijing@2x.png ... 
78646 bytes for ./beijing@2x.png
copying file ./baoxianbaozhang@2x.png ... 
2169 bytes for ./baoxianbaozhang@2x.png
copying file ./fail@2x.png ... 
9488 bytes for ./fail@2x.png
copying file ./lipeijieguo@2x.png ... 
8149 bytes for ./lipeijieguo@2x.png
copying file ./SupplementViewController.nib/objects-11.0+.nib ... 
19191 bytes for ./SupplementViewController.nib/objects-11.0+.nib
copying file ./SupplementViewController.nib/runtime.nib ... 
2018-12-05 03:06:24 +0000  19276 bytes for ./SupplementViewController.nib/runtime.nib
2018-12-05 03:06:24 +0000  copying file ./dianxuan_m@2x.png ... 
2018-12-05 03:06:24 +0000  4580 bytes for ./dianxuan_m@2x.png
2018-12-05 03:06:25 +0000  copying file ./BindingCheckCell.nib ... 
7006 bytes for ./BindingCheckCell.nib
copying file ./AuthenticationAccountViewController.nib ... 
1391 bytes for ./AuthenticationAccountViewController.nib
copying file ./MJRefresh.bundle/arrow@2x.png ... 
3044 bytes for ./MJRefresh.bundle/arrow@2x.png
copying file ./ConsigneeTableViewController.nib ... 
1435 bytes for ./ConsigneeTableViewController.nib
copying file ./InfoOptionsCell.nib ... 
6057 bytes for ./InfoOptionsCell.nib
copying file ./CreateCell.nib ... 
10691 bytes for ./CreateCell.nib
copying file ./LaunchImage-568h@2x.png ... 
2018-12-05 03:06:25 +0000  861692 bytes for ./LaunchImage-568h@2x.png
copying file ./f_saoyisao@2x.png ... 
2018-12-05 03:06:25 +0000  1228 bytes for ./f_saoyisao@2x.png
copying file ./show_s@2x.png ... 
2018-12-05 03:06:25 +0000  409 bytes for ./show_s@2x.png
2018-12-05 03:06:25 +0000  copying file ./SureOrderViewController.nib/objects-11.0+.nib ... 
2018-12-05 03:06:25 +0000  8343 bytes for ./SureOrderViewController.nib/objects-11.0+.nib
2018-12-05 03:06:25 +0000  copying file ./SureOrderViewController.nib/runtime.nib ... 
2018-12-05 03:06:25 +0000  8487 bytes for ./SureOrderViewController.nib/runtime.nib
2018-12-05 03:06:25 +0000  copying file ./xiangji@2x.png ... 
2018-12-05 03:06:25 +0000  1327 bytes for ./xiangji@2x.png
copying file ./gouxuan@2x.png ... 
2018-12-05 03:06:25 +0000  4142 bytes for ./gouxuan@2x.png
copying file ./AppIcon60x60@2x.png ... 
2018-12-05 03:06:25 +0000  20724 bytes for ./AppIcon60x60@2x.png
2018-12-05 03:06:25 +0000  copying file ./showAfter@2x.png ... 
2018-12-05 03:06:25 +0000  24873 bytes for ./showAfter@2x.png
2018-12-05 03:06:25 +0000  copying file ./huowuxinxi@2x.png ... 
2018-12-05 03:06:25 +0000  2408 bytes for ./huowuxinxi@2x.png
2018-12-05 03:06:25 +0000  copying file ./BindingViewController.nib/objects-11.0+.nib ... 
2018-12-05 03:06:25 +0000  6255 bytes for ./BindingViewController.nib/objects-11.0+.nib
2018-12-05 03:06:25 +0000  copying file ./BindingViewController.nib/runtime.nib ... 
2018-12-05 03:06:25 +0000  5600 bytes for ./BindingViewController.nib/runtime.nib
2018-12-05 03:06:25 +0000  copying file ./TakeGoodsViewController.nib ... 
2018-12-05 03:06:25 +0000  4265 bytes for ./TakeGoodsViewController.nib
copying file ./AppIcon29x29@2x.png ... 
2018-12-05 03:06:25 +0000  8977 bytes for ./AppIcon29x29@2x.png
2018-12-05 03:06:25 +0000  copying file ./xiadan_s@2x.png ... 
1424 bytes for ./xiadan_s@2x.png
copying file ./shouye_s@2x.png ... 
1488 bytes for ./shouye_s@2x.png
copying file ./wodezhanghao@2x.png ... 
2575 bytes for ./wodezhanghao@2x.png
copying file ./star_y@2x.png ... 
1792 bytes for ./star_y@2x.png
copying file ./tupian@3x.png ... 
2631 bytes for ./tupian@3x.png
copying file ./jinrongchanping@2x.png ... 
3632 bytes for ./jinrongchanping@2x.png
copying file ./LaunchImage-800-667h@2x.png ... 
2018-12-05 03:06:25 +0000  1031424 bytes for ./LaunchImage-800-667h@2x.png
2018-12-05 03:06:25 +0000  copying file ./AppIcon40x40@3x.png ... 
2018-12-05 03:06:25 +0000  20724 bytes for ./AppIcon40x40@3x.png
2018-12-05 03:06:25 +0000  copying file ./delect@2x.png ... 
2018-12-05 03:06:25 +0000  261 bytes for ./delect@2x.png
2018-12-05 03:06:25 +0000  copying file ./MineM11@3x.png ... 
2018-12-05 03:06:25 +0000  2532 bytes for ./MineM11@3x.png
copying file ./TitleTableViewCell.nib ... 
2018-12-05 03:06:25 +0000  3310 bytes for ./TitleTableViewCell.nib
copying file ./MineViewController.nib ... 
2018-12-05 03:06:25 +0000  1537 bytes for ./MineViewController.nib
copying file ./ReplenishViewController.nib ... 
2018-12-05 03:06:25 +0000  1889 bytes for ./ReplenishViewController.nib
copying file ./CargoTrackingCell.nib ... 
2018-12-05 03:06:25 +0000  11489 bytes for ./CargoTrackingCell.nib
copying file ./AppIcon40x40@2x.png ... 
2018-12-05 03:06:25 +0000  12427 bytes for ./AppIcon40x40@2x.png
2018-12-05 03:06:25 +0000  copying file ./weixin@2x.png ... 
2018-12-05 03:06:25 +0000  1768 bytes for ./weixin@2x.png
copying file ./scanscanBg.png ... 
2018-12-05 03:06:25 +0000  2721 bytes for ./scanscanBg.png
2018-12-05 03:06:25 +0000  copying file ./MineM13@3x.png ... 
2018-12-05 03:06:25 +0000  2713 bytes for ./MineM13@3x.png
2018-12-05 03:06:25 +0000  copying file ./ConsigneeCell.nib ... 
2018-12-05 03:06:25 +0000  4999 bytes for ./ConsigneeCell.nib
copying file ./wuliugongsi@3x.png ... 
2018-12-05 03:06:25 +0000  1905 bytes for ./wuliugongsi@3x.png
copying file ./InfoCell.nib ... 
2018-12-05 03:06:25 +0000  4362 bytes for ./InfoCell.nib
2018-12-05 03:06:25 +0000  copying file ./fuwuxinxi@2x.png ... 
2018-12-05 03:06:25 +0000  1977 bytes for ./fuwuxinxi@2x.png
copying file ./AppIcon29x29@3x.png ... 
2018-12-05 03:06:25 +0000  13654 bytes for ./AppIcon29x29@3x.png
2018-12-05 03:06:25 +0000  copying file ./yijieshou_me@2x.png ... 
2018-12-05 03:06:25 +0000  2260 bytes for ./yijieshou_me@2x.png
copying file ./queren_me@2x.png ... 
2018-12-05 03:06:25 +0000  2389 bytes for ./queren_me@2x.png
copying file ./wode@2x.png ... 
1835 bytes for ./wode@2x.png
copying file ./MineCell.nib ... 
4318 bytes for ./MineCell.nib
copying file ./AppIcon60x60@3x.png ... 
31017 bytes for ./AppIcon60x60@3x.png
copying file ./PictureCollectionViewCell.nib ... 
3692 bytes for ./PictureCollectionViewCell.nib
copying file ./Base.lproj/LaunchScreen.storyboardc/01J-lp-oVM-view-Ze5-6b-2t3.nib ... 
1790 bytes for ./Base.lproj/LaunchScreen.storyboardc/01J-lp-oVM-view-Ze5-6b-2t3.nib
copying file ./Base.lproj/LaunchScreen.storyboardc/UIViewController-01J-lp-oVM.nib ... 
2018-12-05 03:06:25 +0000  832 bytes for ./Base.lproj/LaunchScreen.storyboardc/UIViewController-01J-lp-oVM.nib
2018-12-05 03:06:25 +0000  copying file ./Base.lproj/LaunchScreen.storyboardc/Info.plist ... 
2018-12-05 03:06:25 +0000  258 bytes for ./Base.lproj/LaunchScreen.storyboardc/Info.plist
2018-12-05 03:06:25 +0000  copying file ./xiadanxinxi@2x.png ... 
2018-12-05 03:06:25 +0000  1996 bytes for ./xiadanxinxi@2x.png
copying file ./phone@2x.png ... 
2018-12-05 03:06:25 +0000  1093 bytes for ./phone@2x.png
2018-12-05 03:06:25 +0000  copying file ./phone_w@2x.png ... 
897 bytes for ./phone_w@2x.png
copying file ./xia_jiao@2x.png ... 
402 bytes for ./xia_jiao@2x.png
copying file ./glass.wav ... 
2018-12-05 03:06:25 +0000  67732 bytes for ./glass.wav
2018-12-05 03:06:25 +0000  copying file ./HaulageOperatorCell.nib ... 
2018-12-05 03:06:25 +0000  2830 bytes for ./HaulageOperatorCell.nib
2018-12-05 03:06:25 +0000  copying file ./CreateInputViewController.nib/objects-11.0+.nib ... 
2018-12-05 03:06:25 +0000  4121 bytes for ./CreateInputViewController.nib/objects-11.0+.nib
2018-12-05 03:06:25 +0000  copying file ./CreateInputViewController.nib/runtime.nib ... 
3540 bytes for ./CreateInputViewController.nib/runtime.nib
copying file ./PersonAccountMsgViewController.nib ... 
2018-12-05 03:06:25 +0000  1391 bytes for ./PersonAccountMsgViewController.nib
2018-12-05 03:06:25 +0000  copying file ./Mine_register_normal@2x.png ... 
2018-12-05 03:06:25 +0000  2313 bytes for ./Mine_register_normal@2x.png
2018-12-05 03:06:25 +0000  copying file ./yincang@3x.png ... 
2018-12-05 03:06:25 +0000  1466 bytes for ./yincang@3x.png
copying file ./zixun@2x.png ... 
2018-12-05 03:06:25 +0000  5341 bytes for ./zixun@2x.png
copying file ./f_service@2x.png ... 
2018-12-05 03:06:25 +0000  2048 bytes for ./f_service@2x.png
2018-12-05 03:06:25 +0000  copying file ./AreaViewController.nib/objects-11.0+.nib ... 
2018-12-05 03:06:25 +0000  2745 bytes for ./AreaViewController.nib/objects-11.0+.nib
2018-12-05 03:06:25 +0000  copying file ./AreaViewController.nib/runtime.nib ... 
2018-12-05 03:06:25 +0000  2222 bytes for ./AreaViewController.nib/runtime.nib
2018-12-05 03:06:25 +0000  copying file ./ContactLogisticsViewController.nib/objects-11.0+.nib ... 
2018-12-05 03:06:25 +0000  6649 bytes for ./ContactLogisticsViewController.nib/objects-11.0+.nib
2018-12-05 03:06:25 +0000  copying file ./ContactLogisticsViewController.nib/runtime.nib ... 
2018-12-05 03:06:25 +0000  5987 bytes for ./ContactLogisticsViewController.nib/runtime.nib
2018-12-05 03:06:25 +0000  copying file ./CellHeaderView.nib/objects-11.0+.nib ... 
2018-12-05 03:06:25 +0000  3447 bytes for ./CellHeaderView.nib/objects-11.0+.nib
2018-12-05 03:06:25 +0000  copying file ./CellHeaderView.nib/runtime.nib ... 
2778 bytes for ./CellHeaderView.nib/runtime.nib
copying file ./WriteShipAddressViewController.nib/objects-11.0+.nib ... 
10574 bytes for ./WriteShipAddressViewController.nib/objects-11.0+.nib
copying file ./WriteShipAddressViewController.nib/runtime.nib ... 
10646 bytes for ./WriteShipAddressViewController.nib/runtime.nib
copying file ./zhifubao@2x.png ... 
1675 bytes for ./zhifubao@2x.png
copying file ./scanLine@3x.png ... 
32693 bytes for ./scanLine@3x.png
copying file ./MineM20@3x.png ... 
2785 bytes for ./MineM20@3x.png
copying file ./lightSelect.png ... 
2018-12-05 03:06:25 +0000  8735 bytes for ./lightSelect.png
2018-12-05 03:06:25 +0000  copying file ./f_message@2x.png ... 
2018-12-05 03:06:25 +0000  1497 bytes for ./f_message@2x.png
copying file ./duanxintongzhi@2x.png ... 
2018-12-05 03:06:25 +0000  3441 bytes for ./duanxintongzhi@2x.png
copying file ./Assets.car ... 
2018-12-05 03:06:25 +0000  320328 bytes for ./Assets.car
copying file ./shouye@2x.png ... 
2018-12-05 03:06:25 +0000  1742 bytes for ./shouye@2x.png
copying file ./zaixianzhifu@2x.png ... 
2018-12-05 03:06:25 +0000  5347 bytes for ./zaixianzhifu@2x.png
2018-12-05 03:06:25 +0000  copying file ./LaunchImage-800-Portrait-736h@3x.png ... 
2018-12-05 03:06:25 +0000  2708301 bytes for ./LaunchImage-800-Portrait-736h@3x.png
copying file ./MineM30@3x.png ... 
2018-12-05 03:06:25 +0000  2449 bytes for ./MineM30@3x.png
2018-12-05 03:06:25 +0000  copying file ./MessageDetailsController.nib/objects-11.0+.nib ... 
2018-12-05 03:06:25 +0000  6062 bytes for ./MessageDetailsController.nib/objects-11.0+.nib
2018-12-05 03:06:25 +0000  copying file ./MessageDetailsController.nib/runtime.nib ... 
6192 bytes for ./MessageDetailsController.nib/runtime.nib
copying file ./xiaoxi_s@2x.png ... 
1661 bytes for ./xiaoxi_s@2x.png
copying file ./MineM22@3x.png ... 
2762 bytes for ./MineM22@3x.png
copying file ./MyLogisticsCompanyCell.nib ... 
2018-12-05 03:06:25 +0000  3510 bytes for ./MyLogisticsCompanyCell.nib
copying file ./CreateOrderTableViewCell.nib ... 
2018-12-05 03:06:25 +0000  7206 bytes for ./CreateOrderTableViewCell.nib
2018-12-05 03:06:25 +0000  copying file ./MineM14@3x.png ... 
2713 bytes for ./MineM14@3x.png
copying file ./RuleViewController.nib/objects-11.0+.nib ... 
2064 bytes for ./RuleViewController.nib/objects-11.0+.nib
copying file ./RuleViewController.nib/runtime.nib ... 
2201 bytes for ./RuleViewController.nib/runtime.nib
copying file ./ClaimResultViewController.nib/objects-11.0+.nib ... 
2730 bytes for ./ClaimResultViewController.nib/objects-11.0+.nib
copying file ./ClaimResultViewController.nib/runtime.nib ... 
2018-12-05 03:06:25 +0000  2201 bytes for ./ClaimResultViewController.nib/runtime.nib
2018-12-05 03:06:25 +0000  copying file ./LaunchImage-700@2x.png ... 
681507 bytes for ./LaunchImage-700@2x.png
copying file ./CreateOrderViewController.nib/objects-11.0+.nib ... 
13674 bytes for ./CreateOrderViewController.nib/objects-11.0+.nib
copying file ./CreateOrderViewController.nib/runtime.nib ... 
13746 bytes for ./CreateOrderViewController.nib/runtime.nib
copying file ./JQLoginViewController.nib/objects-11.0+.nib ... 
2018-12-05 03:06:25 +0000  7420 bytes for ./JQLoginViewController.nib/objects-11.0+.nib
2018-12-05 03:06:25 +0000  copying file ./JQLoginViewController.nib/runtime.nib ... 
6748 bytes for ./JQLoginViewController.nib/runtime.nib
copying file ./scanLine@2x.png ... 
16998 bytes for ./scanLine@2x.png
copying file ./XHDatePickerView.nib ... 
2018-12-05 03:06:25 +0000  6230 bytes for ./XHDatePickerView.nib
2018-12-05 03:06:25 +0000  copying file ./ForgetPasswordViewController.nib ... 
2018-12-05 03:06:25 +0000  1417 bytes for ./ForgetPasswordViewController.nib
copying file ./LaunchImage-700-568h@2x.png ... 
2018-12-05 03:06:25 +0000  861692 bytes for ./LaunchImage-700-568h@2x.png
copying file ./tousujianyi@2x.png ... 
2018-12-05 03:06:25 +0000  5205 bytes for ./tousujianyi@2x.png
2018-12-05 03:06:25 +0000  copying file ./CargoTrackingViewController.nib/objects-11.0+.nib ... 
2018-12-05 03:06:25 +0000  4984 bytes for ./CargoTrackingViewController.nib/objects-11.0+.nib
copying file ./CargoTrackingViewController.nib/runtime.nib ... 
2018-12-05 03:06:25 +0000  5111 bytes for ./CargoTrackingViewController.nib/runtime.nib
2018-12-05 03:06:25 +0000  copying file ./daishou@2x.png ... 
3571 bytes for ./daishou@2x.png
copying file ./AccuseTypeViewController.nib/objects-11.0+.nib ... 
5549 bytes for ./AccuseTypeViewController.nib/objects-11.0+.nib
copying file ./AccuseTypeViewController.nib/runtime.nib ... 
4875 bytes for ./AccuseTypeViewController.nib/runtime.nib
copying file ./OrderListCell.nib ... 
2018-12-05 03:06:25 +0000  8232 bytes for ./OrderListCell.nib
copying file ./NextTableViewCell.nib ... 
2018-12-05 03:06:25 +0000  3661 bytes for ./NextTableViewCell.nib
2018-12-05 03:06:25 +0000  copying file ./CarrierProductViewController.nib/objects-11.0+.nib ... 
2018-12-05 03:06:25 +0000  5108 bytes for ./CarrierProductViewController.nib/objects-11.0+.nib
copying file ./CarrierProductViewController.nib/runtime.nib ... 
2018-12-05 03:06:25 +0000  5236 bytes for ./CarrierProductViewController.nib/runtime.nib
2018-12-05 03:06:25 +0000  copying file ./qiyetouxiang@3x.png ... 
2018-12-05 03:06:25 +0000  4598 bytes for ./qiyetouxiang@3x.png
copying file ./jiageshixiao@2x.png ... 
2018-12-05 03:06:25 +0000  5548 bytes for ./jiageshixiao@2x.png
copying file ./show_b@2x.png ... 
2018-12-05 03:06:25 +0000  397 bytes for ./show_b@2x.png
2018-12-05 03:06:25 +0000  copying file ./MessageTableViewCell.nib ... 
2018-12-05 03:06:25 +0000  6120 bytes for ./MessageTableViewCell.nib
copying file ./MineM10@3x.png ... 
2018-12-05 03:06:25 +0000  2654 bytes for ./MineM10@3x.png
copying file ./wode_s@2x.png ... 
2018-12-05 03:06:25 +0000  1607 bytes for ./wode_s@2x.png
copying file ./AccuseViewController.nib/objects-11.0+.nib ... 
2018-12-05 03:06:25 +0000  4161 bytes for ./AccuseViewController.nib/objects-11.0+.nib
copying file ./AccuseViewController.nib/runtime.nib ... 
2018-12-05 03:06:25 +0000  3578 bytes for ./AccuseViewController.nib/runtime.nib
2018-12-05 03:06:25 +0000  copying file ./ClaimViewController.nib/objects-11.0+.nib ... 
6757 bytes for ./ClaimViewController.nib/objects-11.0+.nib
copying file ./ClaimViewController.nib/runtime.nib ... 
6095 bytes for ./ClaimViewController.nib/runtime.nib
copying file ./zhuangbeiwuliu@2x.png ... 
2987 bytes for ./zhuangbeiwuliu@2x.png
copying file ./ReigsterRootViewController.nib/objects-11.0+.nib ... 
3371 bytes for ./ReigsterRootViewController.nib/objects-11.0+.nib
copying file ./ReigsterRootViewController.nib/runtime.nib ... 
2695 bytes for ./ReigsterRootViewController.nib/runtime.nib
copying file ./InfoChooseCell.nib ... 
4234 bytes for ./InfoChooseCell.nib
copying file ./saoyisao@2x.png ... 
2018-12-05 03:06:25 +0000  339 bytes for ./saoyisao@2x.png
copying file ./ClaimResultCell.nib ... 
2018-12-05 03:06:25 +0000  6984 bytes for ./ClaimResultCell.nib
2018-12-05 03:06:25 +0000  copying file ./next@2x.png ... 
2018-12-05 03:06:25 +0000  3151 bytes for ./next@2x.png
copying file ./xiadan@2x.png ... 
2018-12-05 03:06:25 +0000  1489 bytes for ./xiadan@2x.png
2018-12-05 03:06:25 +0000  copying file ./yijujue_me@2x.png ... 
2018-12-05 03:06:25 +0000  1893 bytes for ./yijujue_me@2x.png
copying file ./RuleCell.nib ... 
2018-12-05 03:06:25 +0000  2817 bytes for ./RuleCell.nib
copying file ./OrderRemarkViewController.nib ... 
2018-12-05 03:06:25 +0000  7858 bytes for ./OrderRemarkViewController.nib
2018-12-05 03:06:25 +0000  copying file ./AddressChooseViewController.nib/objects-11.0+.nib ... 
2018-12-05 03:06:25 +0000  6846 bytes for ./AddressChooseViewController.nib/objects-11.0+.nib
copying file ./AddressChooseViewController.nib/runtime.nib ... 
2018-12-05 03:06:25 +0000  6257 bytes for ./AddressChooseViewController.nib/runtime.nib
2018-12-05 03:06:25 +0000  copying file ./LaunchImage.png ... 
2018-12-05 03:06:25 +0000  204259 bytes for ./LaunchImage.png
2018-12-05 03:06:25 +0000  copying file ./embedded.mobileprovision ... 
2018-12-05 03:06:25 +0000  7728 bytes for ./embedded.mobileprovision
copying file ./CarrierProductTableViewCell.nib ... 
2018-12-05 03:06:25 +0000  4445 bytes for ./CarrierProductTableViewCell.nib
2018-12-05 03:06:25 +0000  copying file ./lightNormal.png ... 
7591 bytes for ./lightNormal.png
copying file ./qiandanhuishou@2x.png ... 
2765 bytes for ./qiandanhuishou@2x.png
copying file ./SVProgressHUD.bundle/info.png ... 
3527 bytes for ./SVProgressHUD.bundle/info.png
copying file ./SVProgressHUD.bundle/error@3x.png ... 
2315 bytes for ./SVProgressHUD.bundle/error@3x.png
copying file ./SVProgressHUD.bundle/angle-mask@3x.png ... 
9389 bytes for ./SVProgressHUD.bundle/angle-mask@3x.png
copying file ./SVProgressHUD.bundle/angle-mask@2x.png ... 
5614 bytes for ./SVProgressHUD.bundle/angle-mask@2x.png
copying file ./SVProgressHUD.bundle/error@2x.png ... 
2018-12-05 03:06:25 +0000  1137 bytes for ./SVProgressHUD.bundle/error@2x.png
copying file ./SVProgressHUD.bundle/info@3x.png ... 
2018-12-05 03:06:25 +0000  6585 bytes for ./SVProgressHUD.bundle/info@3x.png
2018-12-05 03:06:25 +0000  copying file ./SVProgressHUD.bundle/success@2x.png ... 
2018-12-05 03:06:25 +0000  811 bytes for ./SVProgressHUD.bundle/success@2x.png
2018-12-05 03:06:25 +0000  copying file ./SVProgressHUD.bundle/success@3x.png ... 
2018-12-05 03:06:25 +0000  1576 bytes for ./SVProgressHUD.bundle/success@3x.png
2018-12-05 03:06:25 +0000  copying file ./SVProgressHUD.bundle/info@2x.png ... 
2018-12-05 03:06:25 +0000  4852 bytes for ./SVProgressHUD.bundle/info@2x.png
2018-12-05 03:06:25 +0000  copying file ./SVProgressHUD.bundle/error.png ... 
455 bytes for ./SVProgressHUD.bundle/error.png
copying file ./SVProgressHUD.bundle/success.png ... 
349 bytes for ./SVProgressHUD.bundle/success.png
copying file ./SVProgressHUD.bundle/angle-mask.png ... 
3482 bytes for ./SVProgressHUD.bundle/angle-mask.png
copying file ./dingdanxinxi@2x.png ... 
1932 bytes for ./dingdanxinxi@2x.png
copying file ./ModifyPasswordViewController.nib ... 
1428 bytes for ./ModifyPasswordViewController.nib
copying file ./geren@3x.png ... 
1476 bytes for ./geren@3x.png
copying file ./shixiaochaxun@2x.png ... 
2018-12-05 03:06:25 +0000  2668 bytes for ./shixiaochaxun@2x.png
copying file ./ChoosePayViewController.nib ... 
2018-12-05 03:06:25 +0000  7790 bytes for ./ChoosePayViewController.nib
copying file ./BusinessRegisterViewController.nib ... 
2018-12-05 03:06:25 +0000  1391 bytes for ./BusinessRegisterViewController.nib
2018-12-05 03:06:25 +0000  copying file ./MyDispatchCell.nib ... 
2018-12-05 03:06:25 +0000  5820 bytes for ./MyDispatchCell.nib
copying file ./xiaoxi@2x.png ... 
2018-12-05 03:06:25 +0000  2065 bytes for ./xiaoxi@2x.png
2018-12-05 03:06:25 +0000  copying file ./fuwuxiangmu@2x.png ... 
4481 bytes for ./fuwuxiangmu@2x.png
copying file ./xiala@3x.png ... 
227 bytes for ./xiala@3x.png
copying file ./you_r@2x.png ... 
2018-12-05 03:06:25 +0000  1760 bytes for ./you_r@2x.png
2018-12-05 03:06:25 +0000  copying file ./Info.plist ... 
2018-12-05 03:06:25 +0000  2585 bytes for ./Info.plist
2018-12-05 03:06:25 +0000  copying file ./MineM12@3x.png ... 
2018-12-05 03:06:25 +0000  2474 bytes for ./MineM12@3x.png
2018-12-05 03:06:25 +0000  copying file ./MessageDetailsTableViewCell.nib ... 
2018-12-05 03:06:25 +0000  28649 bytes for ./MessageDetailsTableViewCell.nib
2018-12-05 03:06:25 +0000  copying file ./noticeMusic.wav ... 
10185 bytes for ./noticeMusic.wav
copying file ./shoufadizhi@2x.png ... 
2052 bytes for ./shoufadizhi@2x.png
copying file ./MineM00@3x.png ... 
5193 bytes for ./MineM00@3x.png
copying file ./WebViewController.nib ... 
1682 bytes for ./WebViewController.nib
copying file ./yunshuzhong@2x.png ... 
1359 bytes for ./yunshuzhong@2x.png
copying file ./PkgInfo ... 
8 bytes for ./PkgInfo
2018-12-05 03:06:25 +0000  copying file ./ChooseFloor.nib ... 
2018-12-05 03:06:25 +0000  8228 bytes for ./ChooseFloor.nib
2018-12-05 03:06:25 +0000  copying file ./PersonalregisterViewController.nib ... 
2018-12-05 03:06:25 +0000  1391 bytes for ./PersonalregisterViewController.nib
2018-12-05 03:06:25 +0000  copying file ./AgingViewController.nib/objects-11.0+.nib ... 
2018-12-05 03:06:25 +0000  31896 bytes for ./AgingViewController.nib/objects-11.0+.nib
copying file ./AgingViewController.nib/runtime.nib ... 
2018-12-05 03:06:25 +0000  31978 bytes for ./AgingViewController.nib/runtime.nib
2018-12-05 03:06:25 +0000  2018-12-05 03:06:25 +0000  

2018-12-05 03:06:25 +0000  /usr/bin/ditto exited with 0
2018-12-05 03:06:25 +0000  2018-12-05 03:06:25 +0000  

2018-12-05 03:06:25 +0000  Processing step: IDEDistributionEmbedProfileStep
2018-12-05 03:06:25 +0000  Processing step: IDEDistributionAppThinningPlistStep
2018-12-05 03:06:25 +0000  Skipping step: IDEDistributionAppThinningPlistStep because it said so
2018-12-05 03:06:25 +0000  Processing step: IDEDistributionCompileBitcodeStep
2018-12-05 03:06:25 +0000  Skipping step: IDEDistributionCompileBitcodeStep because it said so
2018-12-05 03:06:25 +0000  Processing step: IDEDistributionCodeSlimmingStep
2018-12-05 03:06:25 +0000  Processing step: IDEDistributionCopyBCSymbolMapsStep
2018-12-05 03:06:25 +0000  Skipping step: IDEDistributionCopyBCSymbolMapsStep because it said so
2018-12-05 03:06:25 +0000  Processing step: IDEDistributionSymbolsStep
2018-12-05 03:06:25 +0000  Skipping step: IDEDistributionSymbolsStep because it said so
2018-12-05 03:06:25 +0000  Processing step: IDEDistributionAppThinningStep
2018-12-05 03:06:25 +0000  Skipping step: IDEDistributionAppThinningStep because it said so
2018-12-05 03:06:25 +0000  Processing step: IDEDistributionODRStep
2018-12-05 03:06:25 +0000  Processing step: IDEDistributionStripXattrsStep
2018-12-05 03:06:25 +0000  Running /usr/bin/xattr '-crs' '/var/folders/8t/14tz88fd0t30s1lfjszz6_xc0000gn/T/XcodeDistPipeline.dyE/Root/Payload/WLDS.app'
2018-12-05 03:06:26 +0000  2018-12-05 03:06:26 +0000  
2018-12-05 03:06:26 +0000  /usr/bin/xattr exited with 0

2018-12-05 03:06:26 +0000  
2018-12-05 03:06:26 +0000  Processing step: IDEDistributionCodesignStep
2018-12-05 03:06:26 +0000  Entitlements for <IDEDistributionItem: 0x7fddb17edc10 'com.zhihundaohe.WLDS' '<DVTFilePath:0x7fddb0b424c0:'/Users/ganmingqiang/Library/Developer/Xcode/Archives/2018-12-05/WLDS 2018-12-5 上午11.04.xcarchive/Products/Applications/WLDS.app'>'>: {
    "application-identifier" = "PHSNY7Y3VJ.com.zhihundaohe.WLDS";
    "aps-environment" = development;
    "com.apple.developer.team-identifier" = PHSNY7Y3VJ;
    "get-task-allow" = 1;
}
2018-12-05 03:06:26 +0000  Writing entitlements for <IDEDistributionItem: 0x7fddb17edc10 'com.zhihundaohe.WLDS' '<DVTFilePath:0x7fddb0b424c0:'/Users/ganmingqiang/Library/Developer/Xcode/Archives/2018-12-05/WLDS 2018-12-5 上午11.04.xcarchive/Products/Applications/WLDS.app'>'> to: /var/folders/8t/14tz88fd0t30s1lfjszz6_xc0000gn/T/XcodeDistPipeline.dyE/entitlementsBXF9cL
2018-12-05 03:06:26 +0000  Running /usr/bin/codesign '-vvv' '--force' '--sign' 'BBA264CAFEFA6D7F33C188ADE99F0BB2EB0A2669' '--preserve-metadata=identifier,flags' '--entitlements' '/var/folders/8t/14tz88fd0t30s1lfjszz6_xc0000gn/T/XcodeDistPipeline.dyE/entitlementsBXF9cL' '/var/folders/8t/14tz88fd0t30s1lfjszz6_xc0000gn/T/XcodeDistPipeline.dyE/Root/Payload/WLDS.app'
2018-12-05 03:06:26 +0000  /var/folders/8t/14tz88fd0t30s1lfjszz6_xc0000gn/T/XcodeDistPipeline.dyE/Root/Payload/WLDS.app: replacing existing signature
2018-12-05 03:06:27 +0000  /var/folders/8t/14tz88fd0t30s1lfjszz6_xc0000gn/T/XcodeDistPipeline.dyE/Root/Payload/WLDS.app: signed app bundle with Mach-O universal (armv7 arm64) [com.zhihundaohe.WLDS]
2018-12-05 03:06:27 +0000  
2018-12-05 03:06:27 +0000  2018-12-05 03:06:27 +0000  /usr/bin/codesign exited with 0

2018-12-05 03:06:27 +0000  
2018-12-05 03:06:27 +0000  Processing step: IDEDistributionStreamingZipItemStep
2018-12-05 03:06:27 +0000  Skipping step: IDEDistributionStreamingZipItemStep because it said so
2018-12-05 03:06:27 +0000  Processing step: IDEDistributionCreateIPAStep
2018-12-05 03:06:27 +0000  Running /usr/bin/ditto '-V' '-c' '-k' '--norsrc' '/var/folders/8t/14tz88fd0t30s1lfjszz6_xc0000gn/T/XcodeDistPipeline.dyE/Root' '/var/folders/8t/14tz88fd0t30s1lfjszz6_xc0000gn/T/XcodeDistPipeline.dyE/Packages/WLDS.ipa'
2018-12-05 03:06:27 +0000  >>> Copying /var/folders/8t/14tz88fd0t30s1lfjszz6_xc0000gn/T/XcodeDistPipeline.dyE/Root 
2018-12-05 03:06:27 +0000  copying file ./Payload/WLDS.app/youhuiquanbeijing@2x.png ... 
2018-12-05 03:06:27 +0000  5391 bytes for ./Payload/WLDS.app/youhuiquanbeijing@2x.png
copying file ./Payload/WLDS.app/_CodeSignature/CodeResources ... 
2018-12-05 03:06:27 +0000  72805 bytes for ./Payload/WLDS.app/_CodeSignature/CodeResources
2018-12-05 03:06:27 +0000  copying file ./Payload/WLDS.app/star_g@2x.png ... 
1770 bytes for ./Payload/WLDS.app/star_g@2x.png
copying file ./Payload/WLDS.app/woyaoshouhuo@2x.png ... 
3995 bytes for ./Payload/WLDS.app/woyaoshouhuo@2x.png
copying file ./Payload/WLDS.app/ChooseImageCell.nib ... 
3868 bytes for ./Payload/WLDS.app/ChooseImageCell.nib
copying file ./Payload/WLDS.app/search_m@2x.png ... 
1784 bytes for ./Payload/WLDS.app/search_m@2x.png
copying file ./Payload/WLDS.app/jianpan@2x.png ... 
2018-12-05 03:06:27 +0000  463 bytes for ./Payload/WLDS.app/jianpan@2x.png
copying file ./Payload/WLDS.app/FirstBottomCell.nib ... 
2018-12-05 03:06:27 +0000  6654 bytes for ./Payload/WLDS.app/FirstBottomCell.nib
copying file ./Payload/WLDS.app/MineM21@3x.png ... 
2018-12-05 03:06:27 +0000  2331 bytes for ./Payload/WLDS.app/MineM21@3x.png
copying file ./Payload/WLDS.app/MyDispatchViewController.nib/objects-11.0+.nib ... 
6000 bytes for ./Payload/WLDS.app/MyDispatchViewController.nib/objects-11.0+.nib
copying file ./Payload/WLDS.app/MyDispatchViewController.nib/runtime.nib ... 
5939 bytes for ./Payload/WLDS.app/MyDispatchViewController.nib/runtime.nib
copying file ./Payload/WLDS.app/yichang_me@2x.png ... 
1819 bytes for ./Payload/WLDS.app/yichang_me@2x.png
copying file ./Payload/WLDS.app/LaunchImage-1100-Portrait-2436h@3x.png ... 
2018-12-05 03:06:27 +0000  3013784 bytes for ./Payload/WLDS.app/LaunchImage-1100-Portrait-2436h@3x.png
copying file ./Payload/WLDS.app/zaixianxiadan@2x.png ... 
2018-12-05 03:06:27 +0000  1666 bytes for ./Payload/WLDS.app/zaixianxiadan@2x.png
copying file ./Payload/WLDS.app/LaunchImage@2x.png ... 
2018-12-05 03:06:27 +0000  681507 bytes for ./Payload/WLDS.app/LaunchImage@2x.png
2018-12-05 03:06:27 +0000  copying file ./Payload/WLDS.app/MessageViewController.nib/objects-11.0+.nib ... 
2111 bytes for ./Payload/WLDS.app/MessageViewController.nib/objects-11.0+.nib
copying file ./Payload/WLDS.app/MessageViewController.nib/runtime.nib ... 
2248 bytes for ./Payload/WLDS.app/MessageViewController.nib/runtime.nib
copying file ./Payload/WLDS.app/DiscountsCell.nib ... 
3229 bytes for ./Payload/WLDS.app/DiscountsCell.nib
copying file ./Payload/WLDS.app/f_top.jpg ... 
2018-12-05 03:06:27 +0000  162161 bytes for ./Payload/WLDS.app/f_top.jpg
2018-12-05 03:06:27 +0000  copying file ./Payload/WLDS.app/NodeInfoViewController.nib/objects-11.0+.nib ... 
6052 bytes for ./Payload/WLDS.app/NodeInfoViewController.nib/objects-11.0+.nib
copying file ./Payload/WLDS.app/NodeInfoViewController.nib/runtime.nib ... 
6184 bytes for ./Payload/WLDS.app/NodeInfoViewController.nib/runtime.nib
copying file ./Payload/WLDS.app/AppIcon20x20@2x.png ... 
5518 bytes for ./Payload/WLDS.app/AppIcon20x20@2x.png
copying file ./Payload/WLDS.app/type@2x.png ... 
1315 bytes for ./Payload/WLDS.app/type@2x.png
copying file ./Payload/WLDS.app/area.plist ... 
2018-12-05 03:06:27 +0000  42932 bytes for ./Payload/WLDS.app/area.plist
copying file ./Payload/WLDS.app/back@2x.png ... 
2018-12-05 03:06:27 +0000  2325 bytes for ./Payload/WLDS.app/back@2x.png
copying file ./Payload/WLDS.app/AlipaySDK.bundle/shutdown@2x.png ... 
222 bytes for ./Payload/WLDS.app/AlipaySDK.bundle/shutdown@2x.png
copying file ./Payload/WLDS.app/AlipaySDK.bundle/refresh@2x.png ... 
605 bytes for ./Payload/WLDS.app/AlipaySDK.bundle/refresh@2x.png
copying file ./Payload/WLDS.app/AlipaySDK.bundle/refresh_click@2x.png ... 
1824 bytes for ./Payload/WLDS.app/AlipaySDK.bundle/refresh_click@2x.png
copying file ./Payload/WLDS.app/AlipaySDK.bundle/shutdown_click@2x.png ... 
1319 bytes for ./Payload/WLDS.app/AlipaySDK.bundle/shutdown_click@2x.png
copying file ./Payload/WLDS.app/AlipaySDK.bundle/bar@2x.png ... 
1011 bytes for ./Payload/WLDS.app/AlipaySDK.bundle/bar@2x.png
copying file ./Payload/WLDS.app/yundangenzong@2x.png ... 
3228 bytes for ./Payload/WLDS.app/yundangenzong@2x.png
copying file ./Payload/WLDS.app/NodeInfoTableViewCell.nib ... 
5366 bytes for ./Payload/WLDS.app/NodeInfoTableViewCell.nib
copying file ./Payload/WLDS.app/DiscountsTableViewController.nib ... 
1435 bytes for ./Payload/WLDS.app/DiscountsTableViewController.nib
copying file ./Payload/WLDS.app/new_message.wav ... 
2018-12-05 03:06:27 +0000  23174 bytes for ./Payload/WLDS.app/new_message.wav
copying file ./Payload/WLDS.app/MyLogisticsCompanyViewController.nib ... 
2018-12-05 03:06:27 +0000  1512 bytes for ./Payload/WLDS.app/MyLogisticsCompanyViewController.nib
copying file ./Payload/WLDS.app/zhankai@3x.png ... 
2188 bytes for ./Payload/WLDS.app/zhankai@3x.png
copying file ./Payload/WLDS.app/WLDS ... 
2018-12-05 03:06:27 +0000  7905440 bytes for ./Payload/WLDS.app/WLDS
2018-12-05 03:06:27 +0000  copying file ./Payload/WLDS.app/NegotiateViewController.nib/objects-11.0+.nib ... 
7456 bytes for ./Payload/WLDS.app/NegotiateViewController.nib/objects-11.0+.nib
copying file ./Payload/WLDS.app/NegotiateViewController.nib/runtime.nib ... 
6627 bytes for ./Payload/WLDS.app/NegotiateViewController.nib/runtime.nib
copying file ./Payload/WLDS.app/RegisterCell.nib ... 
9564 bytes for ./Payload/WLDS.app/RegisterCell.nib
copying file ./Payload/WLDS.app/BindingCheckViewController.nib/objects-11.0+.nib ... 
2728 bytes for ./Payload/WLDS.app/BindingCheckViewController.nib/objects-11.0+.nib
copying file ./Payload/WLDS.app/BindingCheckViewController.nib/runtime.nib ... 
2018-12-05 03:06:27 +0000  2201 bytes for ./Payload/WLDS.app/BindingCheckViewController.nib/runtime.nib
copying file ./Payload/WLDS.app/qiye@3x.png ... 
2018-12-05 03:06:27 +0000  900 bytes for ./Payload/WLDS.app/qiye@3x.png
copying file ./Payload/WLDS.app/cuohao@2x.png ... 
2018-12-05 03:06:27 +0000  1093 bytes for ./Payload/WLDS.app/cuohao@2x.png
copying file ./Payload/WLDS.app/HaulageOperatorTableViewController.nib ... 
2018-12-05 03:06:27 +0000  1371 bytes for ./Payload/WLDS.app/HaulageOperatorTableViewController.nib
copying file ./Payload/WLDS.app/AppIcon20x20@3x.png ... 
2018-12-05 03:06:27 +0000  9347 bytes for ./Payload/WLDS.app/AppIcon20x20@3x.png
copying file ./Payload/WLDS.app/LoginCell.nib ... 
2018-12-05 03:06:27 +0000  4836 bytes for ./Payload/WLDS.app/LoginCell.nib
copying file ./Payload/WLDS.app/beijing@2x.png ... 
2018-12-05 03:06:27 +0000  78646 bytes for ./Payload/WLDS.app/beijing@2x.png
copying file ./Payload/WLDS.app/baoxianbaozhang@2x.png ... 
2018-12-05 03:06:27 +0000  2169 bytes for ./Payload/WLDS.app/baoxianbaozhang@2x.png
copying file ./Payload/WLDS.app/fail@2x.png ... 
9488 bytes for ./Payload/WLDS.app/fail@2x.png
copying file ./Payload/WLDS.app/lipeijieguo@2x.png ... 
8149 bytes for ./Payload/WLDS.app/lipeijieguo@2x.png
copying file ./Payload/WLDS.app/SupplementViewController.nib/objects-11.0+.nib ... 
2018-12-05 03:06:27 +0000  19191 bytes for ./Payload/WLDS.app/SupplementViewController.nib/objects-11.0+.nib
copying file ./Payload/WLDS.app/SupplementViewController.nib/runtime.nib ... 
2018-12-05 03:06:27 +0000  19276 bytes for ./Payload/WLDS.app/SupplementViewController.nib/runtime.nib
2018-12-05 03:06:27 +0000  copying file ./Payload/WLDS.app/dianxuan_m@2x.png ... 
4580 bytes for ./Payload/WLDS.app/dianxuan_m@2x.png
copying file ./Payload/WLDS.app/BindingCheckCell.nib ... 
7006 bytes for ./Payload/WLDS.app/BindingCheckCell.nib
copying file ./Payload/WLDS.app/AuthenticationAccountViewController.nib ... 
1391 bytes for ./Payload/WLDS.app/AuthenticationAccountViewController.nib
copying file ./Payload/WLDS.app/MJRefresh.bundle/arrow@2x.png ... 
3044 bytes for ./Payload/WLDS.app/MJRefresh.bundle/arrow@2x.png
copying file ./Payload/WLDS.app/ConsigneeTableViewController.nib ... 
1435 bytes for ./Payload/WLDS.app/ConsigneeTableViewController.nib
copying file ./Payload/WLDS.app/InfoOptionsCell.nib ... 
6057 bytes for ./Payload/WLDS.app/InfoOptionsCell.nib
copying file ./Payload/WLDS.app/CreateCell.nib ... 
10691 bytes for ./Payload/WLDS.app/CreateCell.nib
copying file ./Payload/WLDS.app/LaunchImage-568h@2x.png ... 
2018-12-05 03:06:27 +0000  861692 bytes for ./Payload/WLDS.app/LaunchImage-568h@2x.png
copying file ./Payload/WLDS.app/f_saoyisao@2x.png ... 
2018-12-05 03:06:27 +0000  1228 bytes for ./Payload/WLDS.app/f_saoyisao@2x.png
copying file ./Payload/WLDS.app/show_s@2x.png ... 
409 bytes for ./Payload/WLDS.app/show_s@2x.png
copying file ./Payload/WLDS.app/SureOrderViewController.nib/objects-11.0+.nib ... 
8343 bytes for ./Payload/WLDS.app/SureOrderViewController.nib/objects-11.0+.nib
copying file ./Payload/WLDS.app/SureOrderViewController.nib/runtime.nib ... 
8487 bytes for ./Payload/WLDS.app/SureOrderViewController.nib/runtime.nib
copying file ./Payload/WLDS.app/xiangji@2x.png ... 
1327 bytes for ./Payload/WLDS.app/xiangji@2x.png
copying file ./Payload/WLDS.app/gouxuan@2x.png ... 
2018-12-05 03:06:27 +0000  4142 bytes for ./Payload/WLDS.app/gouxuan@2x.png
copying file ./Payload/WLDS.app/AppIcon60x60@2x.png ... 
2018-12-05 03:06:27 +0000  20724 bytes for ./Payload/WLDS.app/AppIcon60x60@2x.png
copying file ./Payload/WLDS.app/showAfter@2x.png ... 
2018-12-05 03:06:27 +0000  24873 bytes for ./Payload/WLDS.app/showAfter@2x.png
copying file ./Payload/WLDS.app/huowuxinxi@2x.png ... 
2408 bytes for ./Payload/WLDS.app/huowuxinxi@2x.png
copying file ./Payload/WLDS.app/BindingViewController.nib/objects-11.0+.nib ... 
6255 bytes for ./Payload/WLDS.app/BindingViewController.nib/objects-11.0+.nib
copying file ./Payload/WLDS.app/BindingViewController.nib/runtime.nib ... 
5600 bytes for ./Payload/WLDS.app/BindingViewController.nib/runtime.nib
copying file ./Payload/WLDS.app/TakeGoodsViewController.nib ... 
4265 bytes for ./Payload/WLDS.app/TakeGoodsViewController.nib
copying file ./Payload/WLDS.app/AppIcon29x29@2x.png ... 
8977 bytes for ./Payload/WLDS.app/AppIcon29x29@2x.png
copying file ./Payload/WLDS.app/xiadan_s@2x.png ... 
1424 bytes for ./Payload/WLDS.app/xiadan_s@2x.png
copying file ./Payload/WLDS.app/shouye_s@2x.png ... 
1488 bytes for ./Payload/WLDS.app/shouye_s@2x.png
copying file ./Payload/WLDS.app/wodezhanghao@2x.png ... 
2575 bytes for ./Payload/WLDS.app/wodezhanghao@2x.png
copying file ./Payload/WLDS.app/star_y@2x.png ... 
2018-12-05 03:06:27 +0000  1792 bytes for ./Payload/WLDS.app/star_y@2x.png
copying file ./Payload/WLDS.app/tupian@3x.png ... 
2018-12-05 03:06:27 +0000  2631 bytes for ./Payload/WLDS.app/tupian@3x.png
copying file ./Payload/WLDS.app/jinrongchanping@2x.png ... 
2018-12-05 03:06:27 +0000  3632 bytes for ./Payload/WLDS.app/jinrongchanping@2x.png
copying file ./Payload/WLDS.app/LaunchImage-800-667h@2x.png ... 
2018-12-05 03:06:27 +0000  1031424 bytes for ./Payload/WLDS.app/LaunchImage-800-667h@2x.png
copying file ./Payload/WLDS.app/AppIcon40x40@3x.png ... 
2018-12-05 03:06:27 +0000  20724 bytes for ./Payload/WLDS.app/AppIcon40x40@3x.png
copying file ./Payload/WLDS.app/delect@2x.png ... 
261 bytes for ./Payload/WLDS.app/delect@2x.png
copying file ./Payload/WLDS.app/MineM11@3x.png ... 
2532 bytes for ./Payload/WLDS.app/MineM11@3x.png
copying file ./Payload/WLDS.app/TitleTableViewCell.nib ... 
3310 bytes for ./Payload/WLDS.app/TitleTableViewCell.nib
copying file ./Payload/WLDS.app/MineViewController.nib ... 
1537 bytes for ./Payload/WLDS.app/MineViewController.nib
copying file ./Payload/WLDS.app/ReplenishViewController.nib ... 
1889 bytes for ./Payload/WLDS.app/ReplenishViewController.nib
copying file ./Payload/WLDS.app/CargoTrackingCell.nib ... 
2018-12-05 03:06:27 +0000  11489 bytes for ./Payload/WLDS.app/CargoTrackingCell.nib
copying file ./Payload/WLDS.app/AppIcon40x40@2x.png ... 
2018-12-05 03:06:27 +0000  12427 bytes for ./Payload/WLDS.app/AppIcon40x40@2x.png
2018-12-05 03:06:27 +0000  copying file ./Payload/WLDS.app/weixin@2x.png ... 
2018-12-05 03:06:27 +0000  1768 bytes for ./Payload/WLDS.app/weixin@2x.png
copying file ./Payload/WLDS.app/scanscanBg.png ... 
2018-12-05 03:06:27 +0000  2721 bytes for ./Payload/WLDS.app/scanscanBg.png
copying file ./Payload/WLDS.app/MineM13@3x.png ... 
2018-12-05 03:06:27 +0000  2713 bytes for ./Payload/WLDS.app/MineM13@3x.png
2018-12-05 03:06:27 +0000  copying file ./Payload/WLDS.app/ConsigneeCell.nib ... 
2018-12-05 03:06:27 +0000  4999 bytes for ./Payload/WLDS.app/ConsigneeCell.nib
2018-12-05 03:06:27 +0000  copying file ./Payload/WLDS.app/wuliugongsi@3x.png ... 
2018-12-05 03:06:27 +0000  1905 bytes for ./Payload/WLDS.app/wuliugongsi@3x.png
copying file ./Payload/WLDS.app/InfoCell.nib ... 
2018-12-05 03:06:27 +0000  4362 bytes for ./Payload/WLDS.app/InfoCell.nib
copying file ./Payload/WLDS.app/fuwuxinxi@2x.png ... 
2018-12-05 03:06:27 +0000  1977 bytes for ./Payload/WLDS.app/fuwuxinxi@2x.png
copying file ./Payload/WLDS.app/AppIcon29x29@3x.png ... 
13654 bytes for ./Payload/WLDS.app/AppIcon29x29@3x.png
copying file ./Payload/WLDS.app/yijieshou_me@2x.png ... 
2018-12-05 03:06:27 +0000  2260 bytes for ./Payload/WLDS.app/yijieshou_me@2x.png
2018-12-05 03:06:27 +0000  copying file ./Payload/WLDS.app/queren_me@2x.png ... 
2018-12-05 03:06:27 +0000  2389 bytes for ./Payload/WLDS.app/queren_me@2x.png
copying file ./Payload/WLDS.app/wode@2x.png ... 
2018-12-05 03:06:27 +0000  1835 bytes for ./Payload/WLDS.app/wode@2x.png
copying file ./Payload/WLDS.app/MineCell.nib ... 
2018-12-05 03:06:27 +0000  4318 bytes for ./Payload/WLDS.app/MineCell.nib
copying file ./Payload/WLDS.app/AppIcon60x60@3x.png ... 
2018-12-05 03:06:27 +0000  31017 bytes for ./Payload/WLDS.app/AppIcon60x60@3x.png
copying file ./Payload/WLDS.app/PictureCollectionViewCell.nib ... 
2018-12-05 03:06:27 +0000  3692 bytes for ./Payload/WLDS.app/PictureCollectionViewCell.nib
copying file ./Payload/WLDS.app/Base.lproj/LaunchScreen.storyboardc/01J-lp-oVM-view-Ze5-6b-2t3.nib ... 
1790 bytes for ./Payload/WLDS.app/Base.lproj/LaunchScreen.storyboardc/01J-lp-oVM-view-Ze5-6b-2t3.nib
copying file ./Payload/WLDS.app/Base.lproj/LaunchScreen.storyboardc/UIViewController-01J-lp-oVM.nib ... 
832 bytes for ./Payload/WLDS.app/Base.lproj/LaunchScreen.storyboardc/UIViewController-01J-lp-oVM.nib
copying file ./Payload/WLDS.app/Base.lproj/LaunchScreen.storyboardc/Info.plist ... 
258 bytes for ./Payload/WLDS.app/Base.lproj/LaunchScreen.storyboardc/Info.plist
copying file ./Payload/WLDS.app/xiadanxinxi@2x.png ... 
1996 bytes for ./Payload/WLDS.app/xiadanxinxi@2x.png
copying file ./Payload/WLDS.app/phone@2x.png ... 
1093 bytes for ./Payload/WLDS.app/phone@2x.png
copying file ./Payload/WLDS.app/phone_w@2x.png ... 
897 bytes for ./Payload/WLDS.app/phone_w@2x.png
copying file ./Payload/WLDS.app/xia_jiao@2x.png ... 
402 bytes for ./Payload/WLDS.app/xia_jiao@2x.png
copying file ./Payload/WLDS.app/glass.wav ... 
2018-12-05 03:06:27 +0000  67732 bytes for ./Payload/WLDS.app/glass.wav
copying file ./Payload/WLDS.app/HaulageOperatorCell.nib ... 
2018-12-05 03:06:27 +0000  2830 bytes for ./Payload/WLDS.app/HaulageOperatorCell.nib
copying file ./Payload/WLDS.app/CreateInputViewController.nib/objects-11.0+.nib ... 
4121 bytes for ./Payload/WLDS.app/CreateInputViewController.nib/objects-11.0+.nib
copying file ./Payload/WLDS.app/CreateInputViewController.nib/runtime.nib ... 
3540 bytes for ./Payload/WLDS.app/CreateInputViewController.nib/runtime.nib
copying file ./Payload/WLDS.app/PersonAccountMsgViewController.nib ... 
1391 bytes for ./Payload/WLDS.app/PersonAccountMsgViewController.nib
copying file ./Payload/WLDS.app/Mine_register_normal@2x.png ... 
2313 bytes for ./Payload/WLDS.app/Mine_register_normal@2x.png
copying file ./Payload/WLDS.app/yincang@3x.png ... 
1466 bytes for ./Payload/WLDS.app/yincang@3x.png
copying file ./Payload/WLDS.app/zixun@2x.png ... 
5341 bytes for ./Payload/WLDS.app/zixun@2x.png
copying file ./Payload/WLDS.app/f_service@2x.png ... 
2018-12-05 03:06:27 +0000  2048 bytes for ./Payload/WLDS.app/f_service@2x.png
copying file ./Payload/WLDS.app/AreaViewController.nib/objects-11.0+.nib ... 
2018-12-05 03:06:27 +0000  2745 bytes for ./Payload/WLDS.app/AreaViewController.nib/objects-11.0+.nib
copying file ./Payload/WLDS.app/AreaViewController.nib/runtime.nib ... 
2018-12-05 03:06:27 +0000  2222 bytes for ./Payload/WLDS.app/AreaViewController.nib/runtime.nib
2018-12-05 03:06:27 +0000  copying file ./Payload/WLDS.app/ContactLogisticsViewController.nib/objects-11.0+.nib ... 
2018-12-05 03:06:27 +0000  6649 bytes for ./Payload/WLDS.app/ContactLogisticsViewController.nib/objects-11.0+.nib
copying file ./Payload/WLDS.app/ContactLogisticsViewController.nib/runtime.nib ... 
2018-12-05 03:06:27 +0000  5987 bytes for ./Payload/WLDS.app/ContactLogisticsViewController.nib/runtime.nib
2018-12-05 03:06:27 +0000  copying file ./Payload/WLDS.app/CellHeaderView.nib/objects-11.0+.nib ... 
2018-12-05 03:06:27 +0000  3447 bytes for ./Payload/WLDS.app/CellHeaderView.nib/objects-11.0+.nib
copying file ./Payload/WLDS.app/CellHeaderView.nib/runtime.nib ... 
2018-12-05 03:06:27 +0000  2778 bytes for ./Payload/WLDS.app/CellHeaderView.nib/runtime.nib
2018-12-05 03:06:27 +0000  copying file ./Payload/WLDS.app/WriteShipAddressViewController.nib/objects-11.0+.nib ... 
2018-12-05 03:06:27 +0000  10574 bytes for ./Payload/WLDS.app/WriteShipAddressViewController.nib/objects-11.0+.nib
2018-12-05 03:06:27 +0000  copying file ./Payload/WLDS.app/WriteShipAddressViewController.nib/runtime.nib ... 
10646 bytes for ./Payload/WLDS.app/WriteShipAddressViewController.nib/runtime.nib
copying file ./Payload/WLDS.app/zhifubao@2x.png ... 
1675 bytes for ./Payload/WLDS.app/zhifubao@2x.png
copying file ./Payload/WLDS.app/scanLine@3x.png ... 
32693 bytes for ./Payload/WLDS.app/scanLine@3x.png
copying file ./Payload/WLDS.app/MineM20@3x.png ... 
2785 bytes for ./Payload/WLDS.app/MineM20@3x.png
copying file ./Payload/WLDS.app/lightSelect.png ... 
8735 bytes for ./Payload/WLDS.app/lightSelect.png
copying file ./Payload/WLDS.app/f_message@2x.png ... 
1497 bytes for ./Payload/WLDS.app/f_message@2x.png
copying file ./Payload/WLDS.app/duanxintongzhi@2x.png ... 
3441 bytes for ./Payload/WLDS.app/duanxintongzhi@2x.png
copying file ./Payload/WLDS.app/Assets.car ... 
2018-12-05 03:06:27 +0000  320328 bytes for ./Payload/WLDS.app/Assets.car
2018-12-05 03:06:27 +0000  copying file ./Payload/WLDS.app/shouye@2x.png ... 
1742 bytes for ./Payload/WLDS.app/shouye@2x.png
copying file ./Payload/WLDS.app/zaixianzhifu@2x.png ... 
5347 bytes for ./Payload/WLDS.app/zaixianzhifu@2x.png
copying file ./Payload/WLDS.app/LaunchImage-800-Portrait-736h@3x.png ... 
2018-12-05 03:06:27 +0000  2708301 bytes for ./Payload/WLDS.app/LaunchImage-800-Portrait-736h@3x.png
copying file ./Payload/WLDS.app/MineM30@3x.png ... 
2018-12-05 03:06:27 +0000  2449 bytes for ./Payload/WLDS.app/MineM30@3x.png
copying file ./Payload/WLDS.app/MessageDetailsController.nib/objects-11.0+.nib ... 
6062 bytes for ./Payload/WLDS.app/MessageDetailsController.nib/objects-11.0+.nib
copying file ./Payload/WLDS.app/MessageDetailsController.nib/runtime.nib ... 
6192 bytes for ./Payload/WLDS.app/MessageDetailsController.nib/runtime.nib
copying file ./Payload/WLDS.app/xiaoxi_s@2x.png ... 
1661 bytes for ./Payload/WLDS.app/xiaoxi_s@2x.png
copying file ./Payload/WLDS.app/MineM22@3x.png ... 
2762 bytes for ./Payload/WLDS.app/MineM22@3x.png
copying file ./Payload/WLDS.app/MyLogisticsCompanyCell.nib ... 
2018-12-05 03:06:27 +0000  3510 bytes for ./Payload/WLDS.app/MyLogisticsCompanyCell.nib
copying file ./Payload/WLDS.app/CreateOrderTableViewCell.nib ... 
2018-12-05 03:06:27 +0000  7206 bytes for ./Payload/WLDS.app/CreateOrderTableViewCell.nib
copying file ./Payload/WLDS.app/MineM14@3x.png ... 
2018-12-05 03:06:27 +0000  2713 bytes for ./Payload/WLDS.app/MineM14@3x.png
copying file ./Payload/WLDS.app/RuleViewController.nib/objects-11.0+.nib ... 
2064 bytes for ./Payload/WLDS.app/RuleViewController.nib/objects-11.0+.nib
copying file ./Payload/WLDS.app/RuleViewController.nib/runtime.nib ... 
2201 bytes for ./Payload/WLDS.app/RuleViewController.nib/runtime.nib
2018-12-05 03:06:27 +0000  copying file ./Payload/WLDS.app/ClaimResultViewController.nib/objects-11.0+.nib ... 
2018-12-05 03:06:27 +0000  2730 bytes for ./Payload/WLDS.app/ClaimResultViewController.nib/objects-11.0+.nib
2018-12-05 03:06:27 +0000  copying file ./Payload/WLDS.app/ClaimResultViewController.nib/runtime.nib ... 
2018-12-05 03:06:27 +0000  2201 bytes for ./Payload/WLDS.app/ClaimResultViewController.nib/runtime.nib
copying file ./Payload/WLDS.app/LaunchImage-700@2x.png ... 
2018-12-05 03:06:28 +0000  681507 bytes for ./Payload/WLDS.app/LaunchImage-700@2x.png
2018-12-05 03:06:28 +0000  copying file ./Payload/WLDS.app/CreateOrderViewController.nib/objects-11.0+.nib ... 
13674 bytes for ./Payload/WLDS.app/CreateOrderViewController.nib/objects-11.0+.nib
copying file ./Payload/WLDS.app/CreateOrderViewController.nib/runtime.nib ... 
13746 bytes for ./Payload/WLDS.app/CreateOrderViewController.nib/runtime.nib
copying file ./Payload/WLDS.app/JQLoginViewController.nib/objects-11.0+.nib ... 
7420 bytes for ./Payload/WLDS.app/JQLoginViewController.nib/objects-11.0+.nib
copying file ./Payload/WLDS.app/JQLoginViewController.nib/runtime.nib ... 
6748 bytes for ./Payload/WLDS.app/JQLoginViewController.nib/runtime.nib
copying file ./Payload/WLDS.app/scanLine@2x.png ... 
16998 bytes for ./Payload/WLDS.app/scanLine@2x.png
copying file ./Payload/WLDS.app/XHDatePickerView.nib ... 
6230 bytes for ./Payload/WLDS.app/XHDatePickerView.nib
copying file ./Payload/WLDS.app/ForgetPasswordViewController.nib ... 
1417 bytes for ./Payload/WLDS.app/ForgetPasswordViewController.nib
copying file ./Payload/WLDS.app/LaunchImage-700-568h@2x.png ... 
2018-12-05 03:06:28 +0000  861692 bytes for ./Payload/WLDS.app/LaunchImage-700-568h@2x.png
2018-12-05 03:06:28 +0000  copying file ./Payload/WLDS.app/tousujianyi@2x.png ... 
5205 bytes for ./Payload/WLDS.app/tousujianyi@2x.png
copying file ./Payload/WLDS.app/CargoTrackingViewController.nib/objects-11.0+.nib ... 
4984 bytes for ./Payload/WLDS.app/CargoTrackingViewController.nib/objects-11.0+.nib
copying file ./Payload/WLDS.app/CargoTrackingViewController.nib/runtime.nib ... 
5111 bytes for ./Payload/WLDS.app/CargoTrackingViewController.nib/runtime.nib
copying file ./Payload/WLDS.app/daishou@2x.png ... 
3571 bytes for ./Payload/WLDS.app/daishou@2x.png
copying file ./Payload/WLDS.app/AccuseTypeViewController.nib/objects-11.0+.nib ... 
5549 bytes for ./Payload/WLDS.app/AccuseTypeViewController.nib/objects-11.0+.nib
copying file ./Payload/WLDS.app/AccuseTypeViewController.nib/runtime.nib ... 
2018-12-05 03:06:28 +0000  4875 bytes for ./Payload/WLDS.app/AccuseTypeViewController.nib/runtime.nib
2018-12-05 03:06:28 +0000  copying file ./Payload/WLDS.app/OrderListCell.nib ... 
2018-12-05 03:06:28 +0000  8232 bytes for ./Payload/WLDS.app/OrderListCell.nib
copying file ./Payload/WLDS.app/NextTableViewCell.nib ... 
2018-12-05 03:06:28 +0000  3661 bytes for ./Payload/WLDS.app/NextTableViewCell.nib
2018-12-05 03:06:28 +0000  copying file ./Payload/WLDS.app/CarrierProductViewController.nib/objects-11.0+.nib ... 
2018-12-05 03:06:28 +0000  5108 bytes for ./Payload/WLDS.app/CarrierProductViewController.nib/objects-11.0+.nib
2018-12-05 03:06:28 +0000  copying file ./Payload/WLDS.app/CarrierProductViewController.nib/runtime.nib ... 
5236 bytes for ./Payload/WLDS.app/CarrierProductViewController.nib/runtime.nib
copying file ./Payload/WLDS.app/qiyetouxiang@3x.png ... 
4598 bytes for ./Payload/WLDS.app/qiyetouxiang@3x.png
copying file ./Payload/WLDS.app/jiageshixiao@2x.png ... 
5548 bytes for ./Payload/WLDS.app/jiageshixiao@2x.png
copying file ./Payload/WLDS.app/show_b@2x.png ... 
397 bytes for ./Payload/WLDS.app/show_b@2x.png
copying file ./Payload/WLDS.app/MessageTableViewCell.nib ... 
6120 bytes for ./Payload/WLDS.app/MessageTableViewCell.nib
copying file ./Payload/WLDS.app/MineM10@3x.png ... 
2654 bytes for ./Payload/WLDS.app/MineM10@3x.png
copying file ./Payload/WLDS.app/wode_s@2x.png ... 
1607 bytes for ./Payload/WLDS.app/wode_s@2x.png
copying file ./Payload/WLDS.app/AccuseViewController.nib/objects-11.0+.nib ... 
4161 bytes for ./Payload/WLDS.app/AccuseViewController.nib/objects-11.0+.nib
copying file ./Payload/WLDS.app/AccuseViewController.nib/runtime.nib ... 
3578 bytes for ./Payload/WLDS.app/AccuseViewController.nib/runtime.nib
copying file ./Payload/WLDS.app/ClaimViewController.nib/objects-11.0+.nib ... 
2018-12-05 03:06:28 +0000  6757 bytes for ./Payload/WLDS.app/ClaimViewController.nib/objects-11.0+.nib
copying file ./Payload/WLDS.app/ClaimViewController.nib/runtime.nib ... 
2018-12-05 03:06:28 +0000  6095 bytes for ./Payload/WLDS.app/ClaimViewController.nib/runtime.nib
2018-12-05 03:06:28 +0000  copying file ./Payload/WLDS.app/zhuangbeiwuliu@2x.png ... 
2018-12-05 03:06:28 +0000  2987 bytes for ./Payload/WLDS.app/zhuangbeiwuliu@2x.png
copying file ./Payload/WLDS.app/ReigsterRootViewController.nib/objects-11.0+.nib ... 
2018-12-05 03:06:28 +0000  3371 bytes for ./Payload/WLDS.app/ReigsterRootViewController.nib/objects-11.0+.nib
2018-12-05 03:06:28 +0000  copying file ./Payload/WLDS.app/ReigsterRootViewController.nib/runtime.nib ... 
2018-12-05 03:06:28 +0000  2695 bytes for ./Payload/WLDS.app/ReigsterRootViewController.nib/runtime.nib
copying file ./Payload/WLDS.app/InfoChooseCell.nib ... 
2018-12-05 03:06:28 +0000  4234 bytes for ./Payload/WLDS.app/InfoChooseCell.nib
copying file ./Payload/WLDS.app/saoyisao@2x.png ... 
2018-12-05 03:06:28 +0000  339 bytes for ./Payload/WLDS.app/saoyisao@2x.png
copying file ./Payload/WLDS.app/ClaimResultCell.nib ... 
2018-12-05 03:06:28 +0000  6984 bytes for ./Payload/WLDS.app/ClaimResultCell.nib
copying file ./Payload/WLDS.app/next@2x.png ... 
2018-12-05 03:06:28 +0000  3151 bytes for ./Payload/WLDS.app/next@2x.png
copying file ./Payload/WLDS.app/xiadan@2x.png ... 
2018-12-05 03:06:28 +0000  1489 bytes for ./Payload/WLDS.app/xiadan@2x.png
copying file ./Payload/WLDS.app/yijujue_me@2x.png ... 
2018-12-05 03:06:28 +0000  1893 bytes for ./Payload/WLDS.app/yijujue_me@2x.png
copying file ./Payload/WLDS.app/RuleCell.nib ... 
2018-12-05 03:06:28 +0000  2817 bytes for ./Payload/WLDS.app/RuleCell.nib
2018-12-05 03:06:28 +0000  copying file ./Payload/WLDS.app/OrderRemarkViewController.nib ... 
2018-12-05 03:06:28 +0000  7858 bytes for ./Payload/WLDS.app/OrderRemarkViewController.nib
2018-12-05 03:06:28 +0000  copying file ./Payload/WLDS.app/AddressChooseViewController.nib/objects-11.0+.nib ... 
6846 bytes for ./Payload/WLDS.app/AddressChooseViewController.nib/objects-11.0+.nib
copying file ./Payload/WLDS.app/AddressChooseViewController.nib/runtime.nib ... 
6257 bytes for ./Payload/WLDS.app/AddressChooseViewController.nib/runtime.nib
copying file ./Payload/WLDS.app/LaunchImage.png ... 
2018-12-05 03:06:28 +0000  204259 bytes for ./Payload/WLDS.app/LaunchImage.png
2018-12-05 03:06:28 +0000  copying file ./Payload/WLDS.app/embedded.mobileprovision ... 
14187 bytes for ./Payload/WLDS.app/embedded.mobileprovision
copying file ./Payload/WLDS.app/CarrierProductTableViewCell.nib ... 
4445 bytes for ./Payload/WLDS.app/CarrierProductTableViewCell.nib
copying file ./Payload/WLDS.app/lightNormal.png ... 
7591 bytes for ./Payload/WLDS.app/lightNormal.png
copying file ./Payload/WLDS.app/qiandanhuishou@2x.png ... 
2765 bytes for ./Payload/WLDS.app/qiandanhuishou@2x.png
copying file ./Payload/WLDS.app/SVProgressHUD.bundle/info.png ... 
3527 bytes for ./Payload/WLDS.app/SVProgressHUD.bundle/info.png
copying file ./Payload/WLDS.app/SVProgressHUD.bundle/error@3x.png ... 
2018-12-05 03:06:28 +0000  2315 bytes for ./Payload/WLDS.app/SVProgressHUD.bundle/error@3x.png
copying file ./Payload/WLDS.app/SVProgressHUD.bundle/angle-mask@3x.png ... 
2018-12-05 03:06:28 +0000  9389 bytes for ./Payload/WLDS.app/SVProgressHUD.bundle/angle-mask@3x.png
copying file ./Payload/WLDS.app/SVProgressHUD.bundle/angle-mask@2x.png ... 
2018-12-05 03:06:28 +0000  5614 bytes for ./Payload/WLDS.app/SVProgressHUD.bundle/angle-mask@2x.png
copying file ./Payload/WLDS.app/SVProgressHUD.bundle/error@2x.png ... 
2018-12-05 03:06:28 +0000  1137 bytes for ./Payload/WLDS.app/SVProgressHUD.bundle/error@2x.png
copying file ./Payload/WLDS.app/SVProgressHUD.bundle/info@3x.png ... 
2018-12-05 03:06:28 +0000  6585 bytes for ./Payload/WLDS.app/SVProgressHUD.bundle/info@3x.png
copying file ./Payload/WLDS.app/SVProgressHUD.bundle/success@2x.png ... 
2018-12-05 03:06:28 +0000  811 bytes for ./Payload/WLDS.app/SVProgressHUD.bundle/success@2x.png
2018-12-05 03:06:28 +0000  copying file ./Payload/WLDS.app/SVProgressHUD.bundle/success@3x.png ... 
2018-12-05 03:06:28 +0000  1576 bytes for ./Payload/WLDS.app/SVProgressHUD.bundle/success@3x.png
copying file ./Payload/WLDS.app/SVProgressHUD.bundle/info@2x.png ... 
2018-12-05 03:06:28 +0000  4852 bytes for ./Payload/WLDS.app/SVProgressHUD.bundle/info@2x.png
copying file ./Payload/WLDS.app/SVProgressHUD.bundle/error.png ... 
2018-12-05 03:06:28 +0000  455 bytes for ./Payload/WLDS.app/SVProgressHUD.bundle/error.png
copying file ./Payload/WLDS.app/SVProgressHUD.bundle/success.png ... 
2018-12-05 03:06:28 +0000  349 bytes for ./Payload/WLDS.app/SVProgressHUD.bundle/success.png
copying file ./Payload/WLDS.app/SVProgressHUD.bundle/angle-mask.png ... 
2018-12-05 03:06:28 +0000  3482 bytes for ./Payload/WLDS.app/SVProgressHUD.bundle/angle-mask.png
2018-12-05 03:06:28 +0000  copying file ./Payload/WLDS.app/dingdanxinxi@2x.png ... 
2018-12-05 03:06:28 +0000  1932 bytes for ./Payload/WLDS.app/dingdanxinxi@2x.png
copying file ./Payload/WLDS.app/ModifyPasswordViewController.nib ... 
2018-12-05 03:06:28 +0000  1428 bytes for ./Payload/WLDS.app/ModifyPasswordViewController.nib
copying file ./Payload/WLDS.app/geren@3x.png ... 
2018-12-05 03:06:28 +0000  1476 bytes for ./Payload/WLDS.app/geren@3x.png
copying file ./Payload/WLDS.app/shixiaochaxun@2x.png ... 
2018-12-05 03:06:28 +0000  2668 bytes for ./Payload/WLDS.app/shixiaochaxun@2x.png
2018-12-05 03:06:28 +0000  copying file ./Payload/WLDS.app/ChoosePayViewController.nib ... 
2018-12-05 03:06:28 +0000  7790 bytes for ./Payload/WLDS.app/ChoosePayViewController.nib
copying file ./Payload/WLDS.app/BusinessRegisterViewController.nib ... 
2018-12-05 03:06:28 +0000  1391 bytes for ./Payload/WLDS.app/BusinessRegisterViewController.nib
copying file ./Payload/WLDS.app/MyDispatchCell.nib ... 
5820 bytes for ./Payload/WLDS.app/MyDispatchCell.nib
copying file ./Payload/WLDS.app/xiaoxi@2x.png ... 
2065 bytes for ./Payload/WLDS.app/xiaoxi@2x.png
copying file ./Payload/WLDS.app/fuwuxiangmu@2x.png ... 
4481 bytes for ./Payload/WLDS.app/fuwuxiangmu@2x.png
copying file ./Payload/WLDS.app/xiala@3x.png ... 
227 bytes for ./Payload/WLDS.app/xiala@3x.png
copying file ./Payload/WLDS.app/you_r@2x.png ... 
1760 bytes for ./Payload/WLDS.app/you_r@2x.png
copying file ./Payload/WLDS.app/Info.plist ... 
2585 bytes for ./Payload/WLDS.app/Info.plist
copying file ./Payload/WLDS.app/MineM12@3x.png ... 
2474 bytes for ./Payload/WLDS.app/MineM12@3x.png
copying file ./Payload/WLDS.app/MessageDetailsTableViewCell.nib ... 
2018-12-05 03:06:28 +0000  28649 bytes for ./Payload/WLDS.app/MessageDetailsTableViewCell.nib
copying file ./Payload/WLDS.app/noticeMusic.wav ... 
2018-12-05 03:06:28 +0000  10185 bytes for ./Payload/WLDS.app/noticeMusic.wav
copying file ./Payload/WLDS.app/shoufadizhi@2x.png ... 
2018-12-05 03:06:28 +0000  2052 bytes for ./Payload/WLDS.app/shoufadizhi@2x.png
copying file ./Payload/WLDS.app/MineM00@3x.png ... 
2018-12-05 03:06:28 +0000  5193 bytes for ./Payload/WLDS.app/MineM00@3x.png
copying file ./Payload/WLDS.app/WebViewController.nib ... 
2018-12-05 03:06:28 +0000  1682 bytes for ./Payload/WLDS.app/WebViewController.nib
copying file ./Payload/WLDS.app/yunshuzhong@2x.png ... 
2018-12-05 03:06:28 +0000  1359 bytes for ./Payload/WLDS.app/yunshuzhong@2x.png
2018-12-05 03:06:28 +0000  copying file ./Payload/WLDS.app/PkgInfo ... 
8 bytes for ./Payload/WLDS.app/PkgInfo
copying file ./Payload/WLDS.app/ChooseFloor.nib ... 
2018-12-05 03:06:28 +0000  8228 bytes for ./Payload/WLDS.app/ChooseFloor.nib
2018-12-05 03:06:28 +0000  copying file ./Payload/WLDS.app/PersonalregisterViewController.nib ... 
1391 bytes for ./Payload/WLDS.app/PersonalregisterViewController.nib
copying file ./Payload/WLDS.app/AgingViewController.nib/objects-11.0+.nib ... 
31896 bytes for ./Payload/WLDS.app/AgingViewController.nib/objects-11.0+.nib
copying file ./Payload/WLDS.app/AgingViewController.nib/runtime.nib ... 
2018-12-05 03:06:28 +0000  31978 bytes for ./Payload/WLDS.app/AgingViewController.nib/runtime.nib
2018-12-05 03:06:28 +0000  2018-12-05 03:06:28 +0000  2018-12-05 03:06:28 +0000  /usr/bin/ditto exited with 0


2018-12-05 03:06:28 +0000  Processing step: IDEDistributionCreateManifestStep
